#
# A fatal error has been detected by the Java Runtime Environment:
#
#  EXCEPTION_ACCESS_VIOLATION (0xc0000005) at pc=0x8c000500, pid=384, tid=4032
#
# JRE version: 6.0_17-b04
# Java VM: Java HotSpot(TM) Client VM (14.3-b01 mixed mode windows-x86 )
# Problematic frame:
# C  0x8c000500
#
# If you would like to submit a bug report, please visit:
#   http://java.sun.com/webapps/bugreport/crash.jsp
# The crash happened outside the Java Virtual Machine in native code.
# See problematic frame for where to report the bug.
#

---------------  T H R E A D  ---------------

Current thread (0x1f489000):  JavaThread "AWT-Windows" daemon [_thread_in_native, id=4032, stack(0x0fce0000,0x0fd60000)]

siginfo: ExceptionCode=0xc0000005, ExceptionInformation=0x00000008 0x8c000500

Registers:
EAX=0x00000000, EBX=0x00000002, ECX=0xfffffffe, EDX=0x8c000500
ESP=0x0fd5ea88, EBP=0x0fd5eae0, ESI=0x0fd5f80c, EDI=0x00000002
EIP=0x8c000500, EFLAGS=0x00010246

Top of Stack: (sp=0x0fd5ea88)
0x0fd5ea88:   74e4b58a 0018018a 00000282 0000000b
0x0fd5ea98:   00000000 00000002 00000003 2e80ede1
0x0fd5eaa8:   00000000 0021e368 769f1cb4 0018018a
0x0fd5eab8:   00000003 00000002 0fd5f80c 00000000
0x0fd5eac8:   0fd5eaa4 0fd5e524 0fd5eb64 74e5319b
0x0fd5ead8:   55b1b2c1 00000000 0fd5eafc 74e4b4e3
0x0fd5eae8:   00000282 0000000b 00000000 20038d40
0x0fd5eaf8:   00000001 0000000b 72bba1de 0018018a 

Instructions: (pc=0x8c000500)
0x8c0004f0:   
[error occurred during error reporting (printing registers, top of stack, instructions near pc), id 0xc0000005]

Stack: [0x0fce0000,0x0fd60000],  sp=0x0fd5ea88,  free space=506k
Native frames: (J=compiled Java code, j=interpreted, Vv=VM code, C=native code)
C  0x8c000500
C  [COMCTL32.dll+0xb4e3]

Java frames: (J=compiled Java code, j=interpreted, Vv=VM code)
j  sun.awt.windows.WToolkit.eventLoop()V+0
j  sun.awt.windows.WToolkit.run()V+69
j  java.lang.Thread.run()V+11
v  ~StubRoutines::call_stub

---------------  P R O C E S S  ---------------

Java Threads: ( => current thread )
  0x1f490c00 JavaThread "pool-2-thread-1" [_thread_blocked, id=1060, stack(0x29280000,0x29300000)]
  0x1f48e800 JavaThread "Code Analyzer updating thread" [_thread_blocked, id=472, stack(0x31740000,0x317c0000)]
  0x1f490000 JavaThread "RecordlistTable Timer" daemon [_thread_blocked, id=3496, stack(0x07680000,0x07700000)]
  0x1f48d000 JavaThread "XPCOMThread" [_thread_in_native, id=3852, stack(0x32b00000,0x33300000)]
  0x1f48f000 JavaThread "Browser Events Thread" daemon [_thread_blocked, id=708, stack(0x254f0000,0x25570000)]
  0x1f48c400 JavaThread "com.jniwrapper.NativeResourceCollector" daemon [_thread_blocked, id=3140, stack(0x25340000,0x253c0000)]
  0x1f48fc00 JavaThread "XPCOM" daemon [_thread_in_native, id=2836, stack(0x235e0000,0x23660000)]
  0x1f48dc00 JavaThread "Foxtrot Single Worker Thread #1" daemon [_thread_blocked, id=1680, stack(0x07600000,0x07680000)]
  0x1f48f400 JavaThread "pool-6-thread-1" [_thread_blocked, id=2552, stack(0x08370000,0x083f0000)]
  0x1f48a000 JavaThread "Prefs Updater" daemon [_thread_blocked, id=2420, stack(0x08130000,0x081b0000)]
  0x1f48b800 JavaThread "pool-1-thread-1" [_thread_blocked, id=1352, stack(0x05d60000,0x05de0000)]
  0x1f490800 JavaThread "Swing-Shell" daemon [_thread_blocked, id=3728, stack(0x05ee0000,0x05f60000)]
  0x1f48e400 JavaThread "Code Analyzer updating thread" [_thread_blocked, id=2776, stack(0x24ab0000,0x24b30000)]
  0x1f48d800 JavaThread "Code Analyzer updating thread" [_thread_blocked, id=2220, stack(0x249b0000,0x24a30000)]
  0x1f489400 JavaThread "Code Analyzer updating thread" [_thread_blocked, id=2112, stack(0x248b0000,0x24930000)]
  0x1f489c00 JavaThread "Code Analyzer updating thread" [_thread_blocked, id=3736, stack(0x23860000,0x238e0000)]
  0x1f48b400 JavaThread "Active Reference Queue Daemon" daemon [_thread_blocked, id=304, stack(0x237e0000,0x23860000)]
  0x1f48c000 JavaThread "Timer-1" daemon [_thread_blocked, id=4068, stack(0x23760000,0x237e0000)]
  0x1f48cc00 JavaThread "ClipboardMonitor Timer" daemon [_thread_blocked, id=1844, stack(0x236e0000,0x23760000)]
  0x1f48a800 JavaThread "Explorer NavigationContext request queue" daemon [_thread_blocked, id=2612, stack(0x23660000,0x236e0000)]
  0x1f504800 JavaThread "AddressBar directory emptiness poller" daemon [_thread_blocked, id=968, stack(0x23500000,0x23580000)]
  0x1f503400 JavaThread "Explorer Refresh Service 30959301" daemon [_thread_blocked, id=804, stack(0x23480000,0x23500000)]
  0x1f506c00 JavaThread "Thread-4" daemon [_thread_blocked, id=2284, stack(0x23170000,0x231f0000)]
  0x1f503c00 JavaThread "TimerQueue" daemon [_thread_blocked, id=2620, stack(0x21d80000,0x21e00000)]
  0x1f506400 JavaThread "Thread-3" daemon [_thread_blocked, id=3620, stack(0x202f0000,0x20370000)]
  0x1f505400 JavaThread "FelixPackageAdmin" daemon [_thread_blocked, id=1836, stack(0x20470000,0x204f0000)]
  0x1f506000 JavaThread "FelixStartLevel" daemon [_thread_blocked, id=2216, stack(0x203f0000,0x20470000)]
  0x1f504c00 JavaThread "FelixDispatchQueue" daemon [_thread_blocked, id=3436, stack(0x20370000,0x203f0000)]
  0x1f505800 JavaThread "AWT-EventQueue-0" [_thread_blocked, id=4000, stack(0x20270000,0x202f0000)]
  0x1f493000 JavaThread "com.google.common.base.internal.Finalizer" daemon [_thread_blocked, id=1876, stack(0x0fde0000,0x0fe60000)]
=>0x1f489000 JavaThread "AWT-Windows" daemon [_thread_in_native, id=4032, stack(0x0fce0000,0x0fd60000)]
  0x1f486800 JavaThread "AWT-Shutdown" [_thread_blocked, id=2408, stack(0x0fc60000,0x0fce0000)]
  0x1f466400 JavaThread "Java2D Disposer" daemon [_thread_blocked, id=1300, stack(0x0fad0000,0x0fb50000)]
  0x1e84c000 JavaThread "Timer-0" [_thread_blocked, id=3864, stack(0x0fa50000,0x0fad0000)]
  0x1e7f3800 JavaThread "EventMgr Dispatcher" daemon [_thread_in_native, id=784, stack(0x1eaa0000,0x1f2a0000)]
  0x074fd800 JavaThread "Low Memory Detector" daemon [_thread_blocked, id=1972, stack(0x0eb00000,0x0eb80000)]
  0x074fc800 JavaThread "CompilerThread0" daemon [_thread_blocked, id=2208, stack(0x0e300000,0x0eb00000)]
  0x074f6800 JavaThread "Attach Listener" daemon [_thread_blocked, id=2972, stack(0x0e280000,0x0e300000)]
  0x074d4c00 JavaThread "Finalizer" daemon [_thread_blocked, id=3548, stack(0x0e200000,0x0e280000)]
  0x074d3800 JavaThread "Reference Handler" daemon [_thread_blocked, id=2180, stack(0x0e180000,0x0e200000)]
  0x0757d400 JavaThread "main" [_thread_in_native, id=3724, stack(0x00430000,0x00c30000)]

Other Threads:
  0x074d0800 VMThread [stack: 0x0d980000,0x0e180000] [id=1216]
  0x07508000 WatcherThread [stack: 0x0eb80000,0x0f380000] [id=2508]

VM state:not at safepoint (normal execution)

VM Mutex/Monitor currently owned by a thread: None

Heap
 def new generation   total 22016K, used 15309K [0x102a0000, 0x11a80000, 0x122a0000)
  eden space 19584K,  73% used [0x102a0000, 0x110a94c0, 0x115c0000)
  from space 2432K,  38% used [0x115c0000, 0x116aa0a0, 0x11820000)
  to   space 2432K,   0% used [0x11820000, 0x11820000, 0x11a80000)
 tenured generation   total 73092K, used 71442K [0x122a0000, 0x16a01000, 0x182a0000)
   the space 73092K,  97% used [0x122a0000, 0x16864928, 0x16864a00, 0x16a01000)
 compacting perm gen  total 50944K, used 50744K [0x182a0000, 0x1b460000, 0x1e2a0000)
   the space 50944K,  99% used [0x182a0000, 0x1b42e388, 0x1b42e400, 0x1b460000)
No shared spaces configured.

Dynamic libraries:
0x00400000 - 0x00425000 	C:\Program Files\MATLAB\R2013a Student\bin\win32\MATLAB.exe
0x771e0000 - 0x77344000 	C:\Windows\SYSTEM32\ntdll.dll
0x769f0000 - 0x76ae9000 	C:\Windows\system32\KERNEL32.DLL
0x74f50000 - 0x75021000 	C:\Windows\system32\KERNELBASE.dll
0x7ef10000 - 0x7efa1000 	C:\Program Files\MATLAB\R2013a Student\bin\win32\libut.dll
0x00c30000 - 0x00d83000 	C:\Program Files\MATLAB\R2013a Student\bin\win32\libmwfl.dll
0x10000000 - 0x10296000 	C:\Program Files\MATLAB\R2013a Student\bin\win32\libmwservices.dll
0x7f270000 - 0x7f2f7000 	C:\Program Files\MATLAB\R2013a Student\bin\win32\mcr.dll
0x00d90000 - 0x00ecc000 	C:\Program Files\MATLAB\R2013a Student\bin\win32\mvm.dll
0x000f0000 - 0x00159000 	C:\Program Files\MATLAB\R2013a Student\bin\win32\MSVCP100.dll
0x002e0000 - 0x0039f000 	C:\Program Files\MATLAB\R2013a Student\bin\win32\MSVCR100.dll
0x7dce0000 - 0x7dd75000 	C:\Program Files\MATLAB\R2013a Student\bin\win32\libmwi18n.dll
0x00160000 - 0x00179000 	C:\Program Files\MATLAB\R2013a Student\bin\win32\libmwmfl_scalar.dll
0x72ac0000 - 0x72ac7000 	C:\Program Files\MATLAB\R2013a Student\bin\win32\boost_system-vc100-mt-1_49.dll
0x72a70000 - 0x72a7e000 	C:\Program Files\MATLAB\R2013a Student\bin\win32\boost_thread-vc100-mt-1_49.dll
0x00ed0000 - 0x00f44000 	C:\Program Files\MATLAB\R2013a Student\bin\win32\boost_log-vc100-mt-1_49.dll
0x7ea10000 - 0x7eb17000 	C:\Program Files\MATLAB\R2013a Student\bin\win32\icuuc49.dll
0x73db0000 - 0x73dbd000 	C:\Program Files\MATLAB\R2013a Student\bin\win32\icuio49.dll
0x76850000 - 0x76856000 	C:\Windows\system32\PSAPI.DLL
0x00f50000 - 0x01098000 	C:\Windows\SYSTEM32\dbghelp.dll
0x75450000 - 0x754c7000 	C:\Windows\system32\ADVAPI32.dll
0x76d90000 - 0x76edb000 	C:\Windows\system32\USER32.dll
0x00180000 - 0x0018b000 	C:\Program Files\MATLAB\R2013a Student\bin\win32\libmwresource_core.dll
0x010a0000 - 0x013c3000 	C:\Program Files\MATLAB\R2013a Student\bin\win32\libmwMATLAB_res.dll
0x725e0000 - 0x725ec000 	C:\Program Files\MATLAB\R2013a Student\bin\win32\boost_date_time-vc100-mt-1_49.dll
0x00190000 - 0x001b5000 	C:\Program Files\MATLAB\R2013a Student\bin\win32\boost_filesystem-vc100-mt-1_49.dll
0x013d0000 - 0x01484000 	C:\Program Files\MATLAB\R2013a Student\bin\win32\boost_regex-vc100-mt-1_49.dll
0x72310000 - 0x7231e000 	C:\Program Files\MATLAB\R2013a Student\bin\win32\boost_signals-vc100-mt-1_49.dll
0x003a0000 - 0x003c8000 	C:\Program Files\MATLAB\R2013a Student\bin\win32\tbb.dll
0x76d20000 - 0x76d32000 	C:\Windows\system32\imagehlp.dll
0x74bf0000 - 0x74c2e000 	C:\Windows\SYSTEM32\POWRPROF.dll
0x7db50000 - 0x7dc0c000 	C:\Program Files\MATLAB\R2013a Student\bin\win32\libmx.dll
0x01490000 - 0x014cd000 	C:\Program Files\MATLAB\R2013a Student\bin\win32\libmwregexp.dll
0x7df40000 - 0x7df78000 	C:\Program Files\MATLAB\R2013a Student\bin\win32\mpath.dll
0x014d0000 - 0x019e3000 	C:\Program Files\MATLAB\R2013a Student\bin\win32\mlutil.dll
0x001c0000 - 0x001df000 	C:\Program Files\MATLAB\R2013a Student\bin\win32\libmwMATLAB_settings_res.dll
0x003d0000 - 0x003d5000 	C:\Program Files\MATLAB\R2013a Student\bin\win32\libmwnativedisplay.dll
0x71550000 - 0x7155d000 	C:\Program Files\MATLAB\R2013a Student\bin\win32\boost_iostreams-vc100-mt-1_49.dll
0x019f0000 - 0x01a2e000 	C:\Program Files\MATLAB\R2013a Student\bin\win32\boost_serialization-vc100-mt-1_49.dll
0x74e40000 - 0x74ec6000 	C:\Windows\WinSxS\x86_microsoft.windows.common-controls_6595b64144ccf1df_5.82.9600.16384_none_7c55c866aa0c3ff0\COMCTL32.dll
0x754d0000 - 0x75557000 	C:\Windows\system32\COMDLG32.dll
0x71d10000 - 0x71d22000 	C:\Windows\SYSTEM32\NETAPI32.dll
0x76d40000 - 0x76d8d000 	C:\Windows\system32\WS2_32.dll
0x01a30000 - 0x01bf0000 	C:\Program Files\MATLAB\R2013a Student\bin\win32\xerces-c_2_7.dll
0x75560000 - 0x76701000 	C:\Windows\system32\SHELL32.dll
0x768e0000 - 0x769eb000 	C:\Windows\system32\ole32.dll
0x76b40000 - 0x76bc7000 	C:\Windows\system32\OLEAUT32.dll
0x7d4b0000 - 0x7d83e000 	C:\Program Files\MATLAB\R2013a Student\bin\win32\iqm.dll
0x7e1c0000 - 0x7e1e7000 	C:\Program Files\MATLAB\R2013a Student\bin\win32\libmwbridge.dll
0x73dc0000 - 0x73ddc000 	C:\Program Files\MATLAB\R2013a Student\bin\win32\libmex.dll
0x7f630000 - 0x7f6b1000 	C:\Program Files\MATLAB\R2013a Student\bin\win32\m_dispatcher.dll
0x72390000 - 0x72540000 	C:\Program Files\MATLAB\R2013a Student\bin\win32\mcos.dll
0x7e6f0000 - 0x7e808000 	C:\Program Files\MATLAB\R2013a Student\bin\win32\libmwgui.dll
0x7be60000 - 0x7c5ac000 	C:\Program Files\MATLAB\R2013a Student\bin\win32\hg.dll
0x7d2e0000 - 0x7d39d000 	C:\Program Files\MATLAB\R2013a Student\bin\win32\hgutils.dll
0x01bf0000 - 0x02144000 	C:\Program Files\MATLAB\R2013a Student\bin\win32\m_interpreter.dll
0x7d9d0000 - 0x7da76000 	C:\Program Files\MATLAB\R2013a Student\bin\win32\jmi.dll
0x02150000 - 0x021d8000 	C:\Program Files\MATLAB\R2013a Student\bin\win32\udd_mi.dll
0x021e0000 - 0x02485000 	C:\Program Files\MATLAB\R2013a Student\bin\win32\uiw.dll
0x73710000 - 0x73726000 	C:\Program Files\MATLAB\R2013a Student\bin\win32\mwoles05.DLL
0x7dc40000 - 0x7dc93000 	C:\Program Files\MATLAB\R2013a Student\bin\win32\comcli.dll
0x73e00000 - 0x73e0a000 	C:\Program Files\MATLAB\R2013a Student\bin\win32\mlautoregister.dll
0x76740000 - 0x76849000 	C:\Windows\system32\GDI32.dll
0x02490000 - 0x024b1000 	C:\Program Files\MATLAB\R2013a Student\bin\win32\LIBEXPAT.dll
0x72eb0000 - 0x72ff9000 	C:\Program Files\MATLAB\R2013a Student\bin\win32\icuin49.dll
0x024c0000 - 0x035e2000 	C:\Program Files\MATLAB\R2013a Student\bin\win32\icudt49.dll
0x75070000 - 0x7512e000 	C:\Windows\system32\msvcrt.dll
0x75030000 - 0x7506e000 	C:\Windows\SYSTEM32\sechost.dll
0x751a0000 - 0x75264000 	C:\Windows\system32\RPCRT4.dll
0x70ee0000 - 0x70ef8000 	C:\Program Files\MATLAB\R2013a Student\bin\win32\tbbmalloc.dll
0x70710000 - 0x70724000 	C:\Program Files\MATLAB\R2013a Student\bin\win32\zlib1.dll
0x035f0000 - 0x03652000 	C:\Program Files\MATLAB\R2013a Student\bin\win32\xmlcore.dll
0x76bd0000 - 0x76c11000 	C:\Windows\system32\SHLWAPI.dll
0x74170000 - 0x7417a000 	C:\Windows\SYSTEM32\netutils.dll
0x74a10000 - 0x74a2b000 	C:\Windows\SYSTEM32\srvcli.dll
0x71ce0000 - 0x71cf0000 	C:\Windows\SYSTEM32\wkscli.dll
0x75190000 - 0x75197000 	C:\Windows\system32\NSI.dll
0x75280000 - 0x753ce000 	C:\Windows\SYSTEM32\combase.dll
0x7f390000 - 0x7f421000 	C:\Program Files\MATLAB\R2013a Student\bin\win32\udd.dll
0x73c10000 - 0x73c2d000 	C:\Program Files\MATLAB\R2013a Student\bin\win32\graphics_util.dll
0x7e040000 - 0x7e086000 	C:\Program Files\MATLAB\R2013a Student\bin\win32\libmat.dll
0x732b0000 - 0x732e2000 	C:\Program Files\MATLAB\R2013a Student\bin\win32\libmwhardcopy.dll
0x7de70000 - 0x7deb8000 	C:\Program Files\MATLAB\R2013a Student\bin\win32\libuij.dll
0x72c50000 - 0x72e22000 	C:\Program Files\MATLAB\R2013a Student\bin\win32\hgdatatypes.dll
0x73030000 - 0x73064000 	C:\Program Files\MATLAB\R2013a Student\bin\win32\libmwlapack.dll
0x03670000 - 0x0369d000 	C:\Program Files\MATLAB\R2013a Student\bin\win32\libmwgbtutils.dll
0x036a0000 - 0x036b0000 	C:\Program Files\MATLAB\R2013a Student\bin\win32\libmwgbt.dll
0x036b0000 - 0x03ae8000 	C:\Program Files\MATLAB\R2013a Student\bin\win32\mfc100.dll
0x03af0000 - 0x03b4e000 	C:\Windows\SYSTEM32\WINSPOOL.DRV
0x7d8b0000 - 0x7d910000 	C:\Program Files\MATLAB\R2013a Student\bin\win32\profiler.dll
0x03b50000 - 0x03dbc000 	C:\Program Files\MATLAB\R2013a Student\bin\win32\libmwmathutil.dll
0x734f0000 - 0x7350f000 	C:\Program Files\MATLAB\R2013a Student\bin\win32\libmwmathrng.dll
0x73bf0000 - 0x73c07000 	C:\Program Files\MATLAB\R2013a Student\bin\win32\m_pcodeio.dll
0x03dc0000 - 0x03e09000 	C:\Program Files\MATLAB\R2013a Student\bin\win32\m_ir.dll
0x70000000 - 0x70590000 	C:\Program Files\MATLAB\R2013a Student\bin\win32\m_parser.dll
0x73690000 - 0x736b1000 	C:\Program Files\MATLAB\R2013a Student\bin\win32\m_pcodegen.dll
0x03e10000 - 0x03e58000 	C:\Program Files\MATLAB\R2013a Student\bin\win32\libmwspmatrix.dll
0x03e60000 - 0x03e6c000 	C:\Program Files\MATLAB\R2013a Student\bin\win32\nativejava_services.dll
0x73ee0000 - 0x73ee8000 	C:\Program Files\MATLAB\R2013a Student\bin\win32\uinone.dll
0x03e70000 - 0x03e8e000 	C:\Program Files\MATLAB\R2013a Student\bin\win32\libmwnativefiledialogs.dll
0x03e90000 - 0x03ea4000 	C:\Windows\SYSTEM32\MPR.dll
0x03eb0000 - 0x03ed6000 	C:\Program Files\MATLAB\R2013a Student\bin\win32\ATL100.DLL
0x03f00000 - 0x03fb2000 	C:\Program Files\MATLAB\R2013a Student\bin\win32\libtex_base.dll
0x03fc0000 - 0x041a9000 	C:\Program Files\MATLAB\R2013a Student\bin\win32\hdf5dll.dll
0x73d30000 - 0x73d41000 	C:\Program Files\MATLAB\R2013a Student\bin\win32\libmwbinder.dll
0x73ea0000 - 0x73ea9000 	C:\Program Files\MATLAB\R2013a Student\bin\win32\libmwompwrapper.dll
0x041b0000 - 0x041b6000 	C:\Windows\SYSTEM32\MSIMG32.dll
0x041c0000 - 0x041ce000 	C:\Program Files\MATLAB\R2013a Student\bin\win32\libmwmfl_rng.dll
0x041d0000 - 0x0427b000 	C:\Program Files\MATLAB\R2013a Student\bin\win32\libmwmathcore.dll
0x04280000 - 0x04291000 	C:\Program Files\MATLAB\R2013a Student\bin\win32\ir_xfmr.dll
0x73e90000 - 0x73e9e000 	C:\Program Files\MATLAB\R2013a Student\bin\win32\mtok.dll
0x042a0000 - 0x042a9000 	C:\Program Files\MATLAB\R2013a Student\bin\win32\libmwplatform_res.dll
0x753d0000 - 0x75447000 	C:\Windows\system32\SHCORE.DLL
0x042c0000 - 0x0430b000 	C:\Program Files\MATLAB\R2013a Student\bin\win32\libmwcholmod.dll
0x73e70000 - 0x73e7a000 	C:\Program Files\MATLAB\R2013a Student\bin\win32\libmwamd.dll
0x73e80000 - 0x73e8a000 	C:\Program Files\MATLAB\R2013a Student\bin\win32\libmwcolamd.dll
0x04320000 - 0x0432b000 	C:\Program Files\MATLAB\R2013a Student\bin\win32\libmwblas.dll
0x04330000 - 0x043d3000 	C:\Windows\WinSxS\x86_microsoft.vc90.crt_1fc8b3b9a1e18e3b_9.0.30729.8387_none_5094ca96bcb6b2bb\MSVCR90.dll
0x76710000 - 0x76735000 	C:\Windows\system32\IMM32.DLL
0x76c20000 - 0x76d17000 	C:\Windows\system32\MSCTF.dll
0x057e0000 - 0x058c2000 	C:\Windows\SYSTEM32\UxTheme.dll
0x73b00000 - 0x73b19000 	C:\Windows\system32\dwmapi.dll
0x70c30000 - 0x70c3d000 	C:\Program Files\MATLAB\R2013a Student\bin\win32\MFC100ENU.DLL
0x056f0000 - 0x05732000 	C:\Program Files\MATLAB\R2013a Student\bin\win32\MVMLocal.dll
0x74c40000 - 0x74c4e000 	C:\Windows\SYSTEM32\profapi.dll
0x05650000 - 0x0565a000 	C:\Program Files\MATLAB\R2013a Student\bin\win32\xmlxrcsc.dll
0x73e50000 - 0x73e59000 	C:\Windows\SYSTEM32\kernel.appcore.dll
0x74b50000 - 0x74b59000 	C:\Windows\SYSTEM32\CRYPTBASE.dll

VM Arguments:
jvm_args: -Xss512k -XX:PermSize=32m -Xms64m -XX:NewRatio=3 -XX:MaxPermSize=96m -Xmx128m -XX:MaxDirectMemorySize=1200000000 -Dsun.java2d.noddraw=true -Dsun.awt.nopixfmt=true -Xshare:off -Xrs -Dsun.awt.disableMixing=true -Djava.library.path=C:\Program Files\MATLAB\R2013a Student\bin\win32;C:\Program Files\MATLAB\R2013a Student\sys\jxbrowser\win32\lib vfprintf abort 
java_command: <unknown>
Launcher Type: generic

Environment Variables:
CLASSPATH=C:\Program Files\OpenNI\Bin\org.openni.jar
PATH=C:\Program Files\Parallels\Parallels Tools\Applications;C:\Windows\system32;C:\Windows;C:\Windows\System32\Wbem;C:\Windows\System32\WindowsPowerShell\v1.0\;C:\Program Files\MATLAB\R2013a Student\bin;C:\VXIPNP\WinNT\Bin;C:\Program Files\OpenNI\Bin;C:\Program Files\PrimeSense\NITE\bin
USERNAME=valentinp
OS=Windows_NT
PROCESSOR_IDENTIFIER=x86 Family 6 Model 70 Stepping 1, GenuineIntel



---------------  S Y S T E M  ---------------

OS: Windows NT 6.2 Build 9200 

CPU:total 2 (2 cores per cpu, 1 threads per core) family 6 model 70 stepping 1, cmov, cx8, fxsr, mmx, sse, sse2, sse3, ssse3, sse4.1, sse4.2

Memory: 4k page, physical 2883124k(1210884k free), swap 4194303k(3039044k free)

vm_info: Java HotSpot(TM) Client VM (14.3-b01) for windows-x86 JRE (1.6.0_17-b04), built on Oct 11 2009 00:52:06 by "java_re" with MS VC++ 7.1

time: Wed Jan 22 18:27:04 2014
elapsed time: 5675 seconds

